Removed Pin From Net: NetName=NetF1_2 Pin=PSU*1-1
Removed Pin From Net: NetName=NetPSU*1_2 Pin=X3-1
Removed Pin From Net: NetName=NetF1_2 Pin=X*1-1
Added Component: Designator=R1(RES_MiniMELF_3514N)
Added Component: Designator=R2(RES_MiniMELF_3514N)
Added Component: Designator=R3(RES_MiniMELF_3514N)
Added Pin To Net: NetName=NetF1_2 Pin=R1-1
Added Pin To Net: NetName=NetPSU*1_2 Pin=R3-2
Added Pin To Net: NetName=NetPSU*1_1 Pin=PSU*1-1
Added Pin To Net: NetName=NetPSU*1_1 Pin=R1-2
Added Pin To Net: NetName=NetPSU*1_1 Pin=X*1-1
Added Net: Name=NetPSU*1_1
Added Pin To Net: NetName=NetR2_1 Pin=R2-1
Added Pin To Net: NetName=NetR2_1 Pin=X3-1
Added Net: Name=NetR2_1
Added Pin To Net: NetName=NetR2_2 Pin=R2-2
Added Pin To Net: NetName=NetR2_2 Pin=R3-1
Added Net: Name=NetR2_2
Added Member To Class: ClassName=Sheet1 Member=Component R1 1k/0.1%
Added Member To Class: ClassName=Sheet1 Member=Component R2 1k/0.1%
Added Member To Class: ClassName=Sheet1 Member=Component R3 1k/0.1%
Added Member To Class: ClassName=2mm Member=Wire NetPSU*1_1
Added Member To Class: ClassName=2mm Member=Wire NetR2_1
Added Member To Class: ClassName=2mm Member=Wire NetR2_2
